<?xml version="1.0" encoding="UTF-8"?>
<!-- Generated by org.testng.reporters.JUnitReportReporter -->
<testsuite hostname="Keyku" failures="0" tests="1" name="Tests.chromeTest2" time="1.909" errors="0" timestamp="2022-02-05T22:23:46 EST" skipped="0">
  <testcase classname="Tests.chromeTest2" name="test2" time="1.909"/>
  <system-out/>
</testsuite> <!-- Tests.chromeTest2 -->
