<?xml version="1.0" encoding="UTF-8"?>
<!-- Generated by org.testng.reporters.JUnitReportReporter -->
<testsuite hostname="Keyku" failures="0" tests="1" name="Tests.chromeTest1" time="2.238" errors="0" timestamp="2022-02-05T21:58:46 EST" skipped="0">
  <testcase classname="Tests.chromeTest1" name="test1" time="2.238"/>
  <system-out/>
</testsuite> <!-- Tests.chromeTest1 -->
