<?xml version="1.0" encoding="UTF-8"?>
<!-- Generated by org.testng.reporters.JUnitReportReporter -->
<testsuite hostname="Keyku" failures="0" tests="1" name="Tests.chromeTest1" time="3.704" errors="0" timestamp="2022-02-05T23:01:44 EST" skipped="0">
  <testcase classname="Tests.chromeTest1" name="test1" time="3.704"/>
  <system-out/>
</testsuite> <!-- Tests.chromeTest1 -->
