<?xml version="1.0" encoding="UTF-8"?>
<!-- Generated by org.testng.reporters.JUnitReportReporter -->
<testsuite hostname="Keyku" failures="0" tests="1" name="Tests.chromeTest3" time="7.948" errors="0" timestamp="2022-02-05T21:58:46 EST" skipped="0">
  <testcase classname="Tests.chromeTest3" name="test3" time="7.948"/>
  <system-out/>
</testsuite> <!-- Tests.chromeTest3 -->
