<?xml version="1.0" encoding="UTF-8"?>
<!-- Generated by org.testng.reporters.JUnitReportReporter -->
<testsuite hostname="Keyku" failures="0" tests="1" name="Tests.chromeTest3" time="4.807" errors="0" timestamp="2022-02-05T23:01:44 EST" skipped="0">
  <testcase classname="Tests.chromeTest3" name="test3" time="4.807"/>
  <system-out/>
</testsuite> <!-- Tests.chromeTest3 -->
